#
# There is insufficient memory for the Java Runtime Environment to continue.
# Native memory allocation (mmap) failed to map 266338304 bytes for Failed to commit area from 0x0000000703a00000 to 0x0000000713800000 of length 266338304.
# Possible reasons:
#   The system is out of physical RAM or swap space
#   The process is running with CompressedOops enabled, and the Java Heap may be blocking the growth of the native heap
# Possible solutions:
#   Reduce memory load on the system
#   Increase physical memory or swap space
#   Check if swap backing store is full
#   Decrease Java heap size (-Xmx/-Xms)
#   Decrease number of Java threads
#   Decrease Java thread stack sizes (-Xss)
#   Set larger code cache with -XX:ReservedCodeCacheSize=
# This output file may be truncated or incomplete.
#
#  Out of Memory Error (./open/src/hotspot/os/windows/os_windows.cpp:3298), pid=6820, tid=24324
#
# JRE version:  (11.0.22+9) (build )
# Java VM: Java HotSpot(TM) 64-Bit Server VM (11.0.22+9-LTS-219, mixed mode, sharing, tiered, compressed oops, g1 gc, windows-amd64)
# No core dump will be written. Minidumps are not enabled by default on client versions of Windows
#

---------------  S U M M A R Y ------------

Command Line: -javaagent:D:\Programs\IntelliJ\ideaIC-2022.3.2.win\lib\idea_rt.jar=50147:D:\Programs\IntelliJ\ideaIC-2022.3.2.win\bin -Dfile.encoding=UTF-8 net.springboot.demo.SpringBootConsumerApplication

Host: 11th Gen Intel(R) Core(TM) i5-1135G7 @ 2.40GHz, 8 cores, 15G,  Windows 10 , 64 bit Build 19041 (10.0.19041.3636)
Time: Sun Apr 21 08:44:11 2024 India Standard Time elapsed time: 0.027656 seconds (0d 0h 0m 0s)

---------------  T H R E A D  ---------------

Current thread (0x0000020410910800):  JavaThread "Unknown thread" [_thread_in_vm, id=24324, stack(0x000000b791b00000,0x000000b791c00000)]

Stack: [0x000000b791b00000,0x000000b791c00000]
Native frames: (J=compiled Java code, j=interpreted, Vv=VM code, C=native code)
V  [jvm.dll+0x66055a]
V  [jvm.dll+0x7a367f]
V  [jvm.dll+0x7a4d49]
V  [jvm.dll+0x7a53e3]
V  [jvm.dll+0x258625]
V  [jvm.dll+0x65d8b9]
V  [jvm.dll+0x652455]
V  [jvm.dll+0x31319d]
V  [jvm.dll+0x313002]
V  [jvm.dll+0x317c36]
V  [jvm.dll+0x35fd70]
V  [jvm.dll+0x35f7e2]
V  [jvm.dll+0x2ee3d8]
V  [jvm.dll+0x2ef4e5]
V  [jvm.dll+0x77c6c7]
V  [jvm.dll+0x77dfaf]
V  [jvm.dll+0x36d0a9]
V  [jvm.dll+0x7610af]
V  [jvm.dll+0x3df1c7]
V  [jvm.dll+0x3e1271]
C  [jli.dll+0x52e7]
C  [ucrtbase.dll+0x21bb2]
C  [KERNEL32.DLL+0x17344]
C  [ntdll.dll+0x526b1]


---------------  P R O C E S S  ---------------

Threads class SMR info:
_java_thread_list=0x000002040e83aee0, length=0, elements={
}

Java Threads: ( => current thread )

Other Threads:
  0x0000020410923800 GCTaskThread "GC Thread#0" [stack: 0x000000b791c00000,0x000000b791d00000] [id=3032]
  0x0000020410981000 ConcurrentGCThread "G1 Main Marker" [stack: 0x000000b791d00000,0x000000b791e00000] [id=7008]
  0x0000020410982800 ConcurrentGCThread "G1 Conc#0" [stack: 0x000000b791e00000,0x000000b791f00000] [id=708]

[error occurred during error reporting (printing all threads), id 0xc0000005, EXCEPTION_ACCESS_VIOLATION (0xc0000005) at pc=0x00007ffb1997e9a7]

VM state:not at safepoint (not fully initialized)

VM Mutex/Monitor currently owned by a thread:  ([mutex/lock_event])
[0x000002041090e170] Heap_lock - owner thread: 0x0000020410910800

Heap address: 0x0000000703a00000, size: 4038 MB, Compressed Oops mode: Non-zero based: 0x0000000703a00000
Narrow klass base: 0x0000000000000000, Narrow klass shift: 0

GC Heap History (0 events):
No events

Deoptimization events (0 events):
No events

Classes redefined (0 events):
No events

Internal exceptions (0 events):
No events

Events (0 events):
No events


Dynamic libraries:
0x00007ff797230000 - 0x00007ff797240000 	C:\Program Files\Java\jdk-11\bin\java.exe
0x00007ffb7f990000 - 0x00007ffb7fb88000 	C:\windows\SYSTEM32\ntdll.dll
0x00007ffb7eac0000 - 0x00007ffb7eb7d000 	C:\windows\System32\KERNEL32.DLL
0x00007ffb7d2e0000 - 0x00007ffb7d5d6000 	C:\windows\System32\KERNELBASE.dll
0x00007ffb7d6e0000 - 0x00007ffb7d7e0000 	C:\windows\System32\ucrtbase.dll
0x00007ffb70050000 - 0x00007ffb7006b000 	C:\Program Files\Java\jdk-11\bin\VCRUNTIME140.dll
0x00007ffb70080000 - 0x00007ffb70099000 	C:\Program Files\Java\jdk-11\bin\jli.dll
0x00007ffb7f020000 - 0x00007ffb7f0d3000 	C:\windows\System32\ADVAPI32.dll
0x00007ffb7f820000 - 0x00007ffb7f8be000 	C:\windows\System32\msvcrt.dll
0x00007ffb7eed0000 - 0x00007ffb7ef6f000 	C:\windows\System32\sechost.dll
0x00007ffb7e240000 - 0x00007ffb7e366000 	C:\windows\System32\RPCRT4.dll
0x00007ffb7d050000 - 0x00007ffb7d077000 	C:\windows\System32\bcrypt.dll
0x00007ffb7de50000 - 0x00007ffb7dfee000 	C:\windows\System32\USER32.dll
0x00007ffb57180000 - 0x00007ffb5741a000 	C:\windows\WinSxS\amd64_microsoft.windows.common-controls_6595b64144ccf1df_6.0.19041.3636_none_60b6a03d71f818d5\COMCTL32.dll
0x00007ffb7d880000 - 0x00007ffb7d8a2000 	C:\windows\System32\win32u.dll
0x00007ffb7f670000 - 0x00007ffb7f69b000 	C:\windows\System32\GDI32.dll
0x00007ffb7d8b0000 - 0x00007ffb7d9c7000 	C:\windows\System32\gdi32full.dll
0x00007ffb7d7e0000 - 0x00007ffb7d87d000 	C:\windows\System32\msvcp_win.dll
0x00007ffb73650000 - 0x00007ffb7365a000 	C:\windows\SYSTEM32\VERSION.dll
0x00007ffb7ed30000 - 0x00007ffb7ed62000 	C:\windows\System32\IMM32.DLL
0x00007ffb6ff90000 - 0x00007ffb6ff9c000 	C:\Program Files\Java\jdk-11\bin\vcruntime140_1.dll
0x00007ffb462d0000 - 0x00007ffb4635e000 	C:\Program Files\Java\jdk-11\bin\msvcp140.dll
0x00007ffb19680000 - 0x00007ffb1a1ee000 	C:\Program Files\Java\jdk-11\bin\server\jvm.dll
0x00007ffb7f660000 - 0x00007ffb7f668000 	C:\windows\System32\PSAPI.DLL
0x00007ffb63300000 - 0x00007ffb63327000 	C:\windows\SYSTEM32\WINMM.dll
0x00007ffb58460000 - 0x00007ffb58469000 	C:\windows\SYSTEM32\WSOCK32.dll
0x00007ffb7e1d0000 - 0x00007ffb7e23b000 	C:\windows\System32\WS2_32.dll
0x00007ffb7ae80000 - 0x00007ffb7ae92000 	C:\windows\SYSTEM32\kernel.appcore.dll
0x00007ffb6ff60000 - 0x00007ffb6ff70000 	C:\Program Files\Java\jdk-11\bin\verify.dll
0x00007ffb78bb0000 - 0x00007ffb78d94000 	C:\windows\SYSTEM32\DBGHELP.DLL
0x00007ffb621c0000 - 0x00007ffb621f4000 	C:\windows\SYSTEM32\dbgcore.DLL
0x00007ffb7d650000 - 0x00007ffb7d6d2000 	C:\windows\System32\bcryptPrimitives.dll
0x00007ffb66060000 - 0x00007ffb66088000 	C:\Program Files\Java\jdk-11\bin\java.dll
0x00007ffb6ff50000 - 0x00007ffb6ff5a000 	C:\Program Files\Java\jdk-11\bin\jimage.dll
0x00007ffb78df0000 - 0x00007ffb78dfe000 	C:\Program Files\Java\jdk-11\bin\instrument.dll
0x00007ffb66280000 - 0x00007ffb66297000 	C:\Program Files\Java\jdk-11\bin\zip.dll

dbghelp: loaded successfully - version: 4.0.5 - missing functions: none
symbol engine: initialized successfully - sym options: 0x614 - pdb path: .;C:\Program Files\Java\jdk-11\bin;C:\windows\SYSTEM32;C:\windows\WinSxS\amd64_microsoft.windows.common-controls_6595b64144ccf1df_6.0.19041.3636_none_60b6a03d71f818d5;C:\Program Files\Java\jdk-11\bin\server

VM Arguments:
jvm_args: -javaagent:D:\Programs\IntelliJ\ideaIC-2022.3.2.win\lib\idea_rt.jar=50147:D:\Programs\IntelliJ\ideaIC-2022.3.2.win\bin -Dfile.encoding=UTF-8 
java_command: net.springboot.demo.SpringBootConsumerApplication
java_class_path (initial): D:\2024\SpringBoot\07.04.20204\springboot-kafka\kafka-consumer-database\target\classes;C:\Users\Soft-Dev\.m2\repository\org\springframework\boot\spring-boot-starter-data-jpa\2.7.18\spring-boot-starter-data-jpa-2.7.18.jar;C:\Users\Soft-Dev\.m2\repository\org\springframework\boot\spring-boot-starter-aop\2.7.18\spring-boot-starter-aop-2.7.18.jar;C:\Users\Soft-Dev\.m2\repository\org\springframework\spring-aop\5.3.31\spring-aop-5.3.31.jar;C:\Users\Soft-Dev\.m2\repository\org\aspectj\aspectjweaver\1.9.7\aspectjweaver-1.9.7.jar;C:\Users\Soft-Dev\.m2\repository\org\springframework\boot\spring-boot-starter-jdbc\2.7.18\spring-boot-starter-jdbc-2.7.18.jar;C:\Users\Soft-Dev\.m2\repository\com\zaxxer\HikariCP\4.0.3\HikariCP-4.0.3.jar;C:\Users\Soft-Dev\.m2\repository\org\springframework\spring-jdbc\5.3.31\spring-jdbc-5.3.31.jar;C:\Users\Soft-Dev\.m2\repository\jakarta\transaction\jakarta.transaction-api\1.3.3\jakarta.transaction-api-1.3.3.jar;C:\Users\Soft-Dev\.m2\repository\jakarta\persistence\jakarta.persistence-api\2.2.3\jakarta.persistence-api-2.2.3.jar;C:\Users\Soft-Dev\.m2\repository\org\hibernate\hibernate-core\5.6.15.Final\hibernate-core-5.6.15.Final.jar;C:\Users\Soft-Dev\.m2\repository\org\jboss\logging\jboss-logging\3.4.3.Final\jboss-logging-3.4.3.Final.jar;C:\Users\Soft-Dev\.m2\repository\net\bytebuddy\byte-buddy\1.12.23\byte-buddy-1.12.23.jar;C:\Users\Soft-Dev\.m2\repository\antlr\antlr\2.7.7\antlr-2.7.7.jar;C:\Users\Soft-Dev\.m2\repository\org\jboss\jandex\2.4.2.Final\jandex-2.4.2.Final.jar;C:\Users\Soft-Dev\.m2\repository\com\fasterxml\classmate\1.5.1\classmate-1.5.1.jar;C:\Users\Soft-Dev\.m2\repository\org\hibernate\common\hibernate-commons-annotations\5.1.2.Final\hibernate-commons-annotations-5.1.2.Final.jar;C:\Users\Soft-Dev\.m2\repository\org\glassfish\jaxb\jaxb-runtime\2.3.9\jaxb-runtime-2.3.9.jar;C:\Users\Soft-Dev\.m2\repository\org\glassfish\jaxb\txw2\2.3.9\txw2-2.3.9.jar;C:\Users\Soft-Dev\.m2\repository\com\sun\istack\istack-comm
Launcher Type: SUN_STANDARD

[Global flags]
     intx CICompilerCount                          = 4                                         {product} {ergonomic}
     uint ConcGCThreads                            = 2                                         {product} {ergonomic}
     uint G1ConcRefinementThreads                  = 8                                         {product} {ergonomic}
   size_t G1HeapRegionSize                         = 1048576                                   {product} {ergonomic}
    uintx GCDrainStackTargetSize                   = 64                                        {product} {ergonomic}
   size_t InitialHeapSize                          = 266338304                                 {product} {ergonomic}
   size_t MarkStackSize                            = 4194304                                   {product} {ergonomic}
   size_t MaxHeapSize                              = 4234149888                                {product} {ergonomic}
   size_t MinHeapDeltaBytes                        = 1048576                                   {product} {ergonomic}
    uintx NonNMethodCodeHeapSize                   = 5836300                                {pd product} {ergonomic}
    uintx NonProfiledCodeHeapSize                  = 122910970                              {pd product} {ergonomic}
    uintx ProfiledCodeHeapSize                     = 122910970                              {pd product} {ergonomic}
    uintx ReservedCodeCacheSize                    = 251658240                              {pd product} {ergonomic}
     bool SegmentedCodeCache                       = true                                      {product} {ergonomic}
     bool UseCompressedClassPointers               = true                                 {lp64_product} {ergonomic}
     bool UseCompressedOops                        = true                                 {lp64_product} {ergonomic}
     bool UseG1GC                                  = true                                      {product} {ergonomic}
     bool UseLargePagesIndividualAllocation        = false                                  {pd product} {ergonomic}

Logging:
Log output configuration:
 #0: stdout all=warning uptime,level,tags
 #1: stderr all=off uptime,level,tags

Environment Variables:
JAVA_HOME=C:\Program Files\Java\jdk1.8.0_311
PATH=C:\Program Files\Common Files\Oracle\Java\javapath;C:\Program Files (x86)\VMware\VMware Player\bin\;C:\Program Files (x86)\Common Files\Oracle\Java\javapath;C:\windows\system32;C:\windows;C:\windows\System32\Wbem;C:\windows\System32\WindowsPowerShell\v1.0\;C:\windows\System32\OpenSSH\;C:\Program Files (x86)\NVIDIA Corporation\PhysX\Common;C:\Program Files\NVIDIA Corporation\NVIDIA NvDLISR;C:\TDM-GCC-32\bin;C:\Program Files\Calibre2\;C:\Users\coder\Downloads\Programs\npp.8.4.1.portable.x64;C:\Program Files\Git\bin;C:\Program Files\Git\cmd;C:\Program Files\PuTTY\;C:\Program Files\dotnet\;C:\Windows\System32\node_modules\.bin;C:\Windows\System32\node_modules\typescript\bin;C:\Users\Soft-Dev\AppData\Roaming\npm;C:\Users\Soft-Dev\AppData\Roaming\npm\node_modules\angular-cli\bin;C:\Users\Soft-Dev\AppData\Roaming\npm;C:\Program Files\nodejs\;C:\Program Files\nodejs\node_modules\;C:\Program Files\nodejs\node_modules\npm;C:\Program Files\nodejs\node_modules\npm\bin;C:\Program Files\MongoDB\Server\7.0\bin\;C:\Program Files\MongoDB\mongosh-2.1.1-win32-x64\bin;C:\Program Files\Java\jdk-11\bin;C:\Program Files\PostgreSQL\11\bin;C:\Program Files\apache-maven-3.9.6\bin;C:\Windows\System32\UsersSoft-DevAppDataRoamingnpm;C:\Program Files\MySQL\MySQL Shell 8.0\bin\;C:\Users\Soft-Dev\AppData\Local\Microsoft\WindowsApps;D:\Programs\JetBrains\Ultimate\IntelliJ IDEA 2023.1.3\bin;;D:\Programs\Microsoft VS Code\bin;D:\Programs\WebStorm 2022.1.1\bin;;C:\Windows\System32\node_modules\.bin;C:\Windows\System32\node_modules\typescript\bin;C:\Users\Soft-Dev\AppData\Roaming\npm;C:\Program Files\MongoDB\Server\7.0\bin\;C:\Program Files\MongoDB\mongosh-2.1.1-win32-x64\bin;C:\Program Files\Java\jdk-11\bin;C:\Program Files\PostgreSQL\11\bin;C:\Program Files\apache-maven-3.9.6\bin;
USERNAME=Soft-Dev
OS=Windows_NT
PROCESSOR_IDENTIFIER=Intel64 Family 6 Model 140 Stepping 1, GenuineIntel



---------------  S Y S T E M  ---------------

OS: Windows 10 , 64 bit Build 19041 (10.0.19041.3636)
Hyper-V role detected

CPU:total 8 (initial active 8) (4 cores per cpu, 2 threads per core) family 6 model 140 stepping 1 microcode 0x86, cmov, cx8, fxsr, mmx, sse, sse2, sse3, ssse3, sse4.1, sse4.2, popcnt, avx, avx2, aes, clmul, erms, 3dnowpref, lzcnt, ht, tsc, tscinvbit, bmi1, bmi2, adx, evex, sha, fma

Memory: 4k page, system-wide physical 16149M (1616M free)
TotalPageFile size 31031M (AvailPageFile size 159M)
current process WorkingSet (physical memory assigned to process): 10M, peak: 10M
current process commit charge ("private bytes"): 61M, peak: 315M

vm_info: Java HotSpot(TM) 64-Bit Server VM (11.0.22+9-LTS-219) for windows-amd64 JRE (11.0.22+9-LTS-219), built on Dec 19 2023 22:08:21 by "mach5one" with MS VC++ 17.1 (VS2022)

END.
